<html>
<head>
<title>TestNG:  Default test</title>
<link href="../testng.css" rel="stylesheet" type="text/css" />
<link href="../my-testng.css" rel="stylesheet" type="text/css" />

<style type="text/css">
.log { display: none;} 
.stack-trace { display: none;} 
</style>
<script type="text/javascript">
<!--
function flip(e) {
  current = e.style.display;
  if (current == 'block') {
    e.style.display = 'none';
    return 0;
  }
  else {
    e.style.display = 'block';
    return 1;
  }
}

function toggleBox(szDivId, elem, msg1, msg2)
{
  var res = -1;  if (document.getElementById) {
    res = flip(document.getElementById(szDivId));
  }
  else if (document.all) {
    // this is the way old msie versions work
    res = flip(document.all[szDivId]);
  }
  if(elem) {
    if(res == 0) elem.innerHTML = msg1; else elem.innerHTML = msg2;
  }

}

function toggleAllBoxes() {
  if (document.getElementsByTagName) {
    d = document.getElementsByTagName('div');
    for (i = 0; i < d.length; i++) {
      if (d[i].className == 'log') {
        flip(d[i]);
      }
    }
  }
}

// -->
</script>

</head>
<body>
<h2 align='center'>Default test</h2><table border='1' align="center">
<tr>
<td>Tests passed/Failed/Skipped:</td><td>0/1/0</td>
</tr><tr>
<td>Started on:</td><td>Mon May 30 14:12:38 IST 2016</td>
</tr>
<tr><td>Total time:</td><td>175 seconds (175884 ms)</td>
</tr><tr>
<td>Included groups:</td><td></td>
</tr><tr>
<td>Excluded groups:</td><td></td>
</tr>
</table><p/>
<small><i>(Hover the method name to see the test class name)</i></small><p/>
<table width='100%' border='1' class='invocation-failed'>
<tr><td colspan='4' align='center'><b>FAILED TESTS</b></td></tr>
<tr><td><b>Test method</b></td>
<td width="30%"><b>Exception</b></td>
<td width="10%"><b>Time (seconds)</b></td>
<td><b>Instance</b></td>
</tr>
<tr>
<td title='com.supplierconnection.testcases.SC_profilemanagers.SC_profilemanagers()'><b>SC_profilemanagers</b><br>Test class: com.supplierconnection.testcases.SC_profilemanagers<br>Parameters: {Browser=Mozilla, sc_titleDiv=Grant Supplier Admin Access, sc_giveemailaddrress=Enter a valid email address., sc_sysadminalready=gilesv@us.ibm.com is a System Admin, Role=Supplieradmin3, sc_moresupplieradminaddition=Your company is currently using all 6 available Supplier Admin seats., sc_addsupplieroverlatext=Add a Supplier Employee, sc_profilemanagertext=Profile Managers, sc_buyeralready=buyertocheckemail@gmail.com is a Buyer for Buyer Company Selenium Test123, sc_lookup16=8june2015buyer@gmail.com, sc_lookup15=shiv.ark.28@gmail.com, sc_removingaccesswindow1=Your company has 5 available admin seats available., sc_lookup14=sup.plier.conne.ction.14@gmail.com, sc_supplieremployeealready=vthendoo@in.ibm.com is a Supplier Employee for Vinod's profile Legal name 1, sc_lookup13=200715182605test@gmail.com, sc_lookup12=140714165915test@gmail.com, sc_lookup11=1.2.3.4.5.6.78910superbowl@gmail.com, sc_supplieradminalready=rag.h.unandann6@gmail.com is a Supplier Admin for sStep1 check, RunMode=Y, sc_invalidaddress=test.com, sc_buyeradminalready=raniranj@in.ibm.com is a Buyer Admin for Buyer Company Selenium Test123, sc_lookup8=vthendoo@in.ibm.com, sc_removingaccesswindow=Removing Admin Access will still let this user be a company member, but without admin privileges., sc_notregisteredid=No match. We did not find a registered user with the email account you entered. Please check with the user to ensure he/she has registered with Supplier Connection., sc_lookup7=teaaaast@in.ibm.com, sc_confirmsupplier1=ADDED AS SUPPLIER ADMIN, sc_lookup6=rag.h.unandann6@gmail.com, sc_lookup5=gilesv@us.ibm.com, sc_lookup4=buyertocheckemail@gmail.com, sc_lookup3=raniranj@in.ibm.com, sc_lookup2=rft2.9buyer@gmail.com, SC_supplieradminmax5mssag=Your company has 5 available admin seats. To add a Supplier Admin to the system, the user must first complete registration at Supplier Connection. , sc_lookup=dushyams@in.ibm.com, sc_confirmsupplier=ADDED AS SUPPLIER}</td>
<td><div><pre>java.lang.AssertionError: result
	at org.testng.Assert.fail(Assert.java:94)
	at com.supplierconnection.util.keywords.executeKeywords(keywords.java:298)
	at com.supplierconnection.testcases.SC_profilemanagers.SC_profilemanagers(SC_profilemanagers.java:33)
	at sun.reflect.NativeMethodAccessorImpl.invoke0(Native Method)
	at sun.reflect.NativeMethodAccessorImpl.invoke(Unknown Source)
	at sun.reflect.DelegatingMethodAccessorImpl.invoke(Unknown Source)
	at java.lang.reflect.Method.invoke(Unknown Source)
	at org.testng.internal.MethodInvocationHelper.invokeMethod(MethodInvocationHelper.java:84)
	at org.testng.internal.Invoker.invokeMethod(Invoker.java:714)
	at org.testng.internal.Invoker.invokeTestMethod(Invoker.java:901)
	at org.testng.internal.Invoker.invokeTestMethods(Invoker.java:1231)
	at org.testng.internal.TestMethodWorker.invokeTestMethods(TestMethodWorker.java:127)
	at org.testng.internal.TestMethodWorker.run(TestMethodWorker.java:111)
	at org.testng.TestRunner.privateRun(TestRunner.java:767)
	at org.testng.TestRunner.run(TestRunner.java:617)
	at org.testng.SuiteRunner.runTest(SuiteRunner.java:334)
	at org.testng.SuiteRunner.runSequentially(SuiteRunner.java:329)
	at org.testng.SuiteRunner.privateRun(SuiteRunner.java:291)
	at org.testng.SuiteRunner.run(SuiteRunner.java:240)
	at org.testng.SuiteRunnerWorker.runSuite(SuiteRunnerWorker.java:52)
	at org.testng.SuiteRunnerWorker.run(SuiteRunnerWorker.java:86)
	at org.testng.TestNG.runSuitesSequentially(TestNG.java:1224)
	at org.testng.TestNG.runSuitesLocally(TestNG.java:1149)
	at org.testng.TestNG.run(TestNG.java:1057)
	at org.testng.remote.AbstractRemoteTestNG.run(AbstractRemoteTestNG.java:126)
	at org.testng.remote.RemoteTestNG.initAndRun(RemoteTestNG.java:137)
	at org.testng.remote.RemoteTestNG.main(RemoteTestNG.java:58)
</pre></div><a href='#' onClick='toggleBox("stack-trace17398741", this, "Click to show all stack frames", "Click to hide stack frames")'>Click to show all stack frames</a>
<div class='stack-trace' id='stack-trace17398741'><pre>java.lang.AssertionError: result
	at org.testng.Assert.fail(Assert.java:94)
	at com.supplierconnection.util.keywords.executeKeywords(keywords.java:298)
	at com.supplierconnection.testcases.SC_profilemanagers.SC_profilemanagers(SC_profilemanagers.java:33)
	at sun.reflect.NativeMethodAccessorImpl.invoke0(Native Method)
	at sun.reflect.NativeMethodAccessorImpl.invoke(Unknown Source)
	at sun.reflect.DelegatingMethodAccessorImpl.invoke(Unknown Source)
	at java.lang.reflect.Method.invoke(Unknown Source)
	at org.testng.internal.MethodInvocationHelper.invokeMethod(MethodInvocationHelper.java:84)
	at org.testng.internal.Invoker.invokeMethod(Invoker.java:714)
	at org.testng.internal.Invoker.invokeTestMethod(Invoker.java:901)
	at org.testng.internal.Invoker.invokeTestMethods(Invoker.java:1231)
	at org.testng.internal.TestMethodWorker.invokeTestMethods(TestMethodWorker.java:127)
	at org.testng.internal.TestMethodWorker.run(TestMethodWorker.java:111)
	at org.testng.TestRunner.privateRun(TestRunner.java:767)
	at org.testng.TestRunner.run(TestRunner.java:617)
	at org.testng.SuiteRunner.runTest(SuiteRunner.java:334)
	at org.testng.SuiteRunner.runSequentially(SuiteRunner.java:329)
	at org.testng.SuiteRunner.privateRun(SuiteRunner.java:291)
	at org.testng.SuiteRunner.run(SuiteRunner.java:240)
	at org.testng.SuiteRunnerWorker.runSuite(SuiteRunnerWorker.java:52)
	at org.testng.SuiteRunnerWorker.run(SuiteRunnerWorker.java:86)
	at org.testng.TestNG.runSuitesSequentially(TestNG.java:1224)
	at org.testng.TestNG.runSuitesLocally(TestNG.java:1149)
	at org.testng.TestNG.run(TestNG.java:1057)
	at org.testng.remote.AbstractRemoteTestNG.run(AbstractRemoteTestNG.java:126)
	at org.testng.remote.RemoteTestNG.initAndRun(RemoteTestNG.java:137)
	at org.testng.remote.RemoteTestNG.main(RemoteTestNG.java:58)
</pre></div></td>
<td>175</td>
<td>com.supplierconnection.testcases.SC_profilemanagers@15da136</td></tr>
</table><p>
</body>
</html>